1157712800 'alloca' counter: 1
1157712944 'store' counter: 1
1157715312 'call' counter: 1
601901904 'alloca' counter: 1
601902192 'alloca' counter: 1
601902048 'store' counter: 1
601902336 'store' counter: 1
601902880 'load' counter: 1
601902976 'load' counter: 1
601903264 'load' counter: 1
601903696 'call' counter: 1
602124992 'alloca' counter: 1
601926288 'store' counter: 1
602125232 'load' counter: 1
602125360 'call' counter: 1
602125600 'ret' counter: 1
601903904 'call' counter: 1
601904960 'alloca' counter: 1
601905200 'alloca' counter: 1
601905440 'alloca' counter: 1
601906048 'alloca' counter: 1
601908032 'alloca' counter: 1
601909312 'alloca' counter: 1
601913056 'alloca' counter: 1
601914128 'alloca' counter: 1
601905104 'store' counter: 1
601905344 'store' counter: 1
601905584 'store' counter: 1
601906160 'bitcast' counter: 1
601906816 'call' counter: 1
601907136 'load' counter: 1
601909968 'invoke' counter: 1
601911840 'invoke' counter: 1
601939040 'alloca' counter: 1
601939184 'store' counter: 1
601939280 'load' counter: 1
601939440 'getelementptr' counter: 1
601939552 'load' counter: 1
601940032 'trunc' counter: 1
601940256 'ret' counter: 1
601911616 'br' counter: 1
601913168 'bitcast' counter: 1
601913328 'call' counter: 1
601914240 'load' counter: 1
601914896 'call' counter: 1
602096816 'alloca' counter: 1
602096928 'alloca' counter: 1
601963216 'store' counter: 1
602097312 'store' counter: 1
602097408 'load' counter: 1
602097632 'load' counter: 1
602098112 'call' counter: 1
602098368 'alloca' counter: 1
602098608 'alloca' counter: 1
602098512 'store' counter: 1
602098752 'store' counter: 1
602098848 'load' counter: 1
602099072 'bitcast' counter: 1
602099312 'getelementptr' counter: 1
602099424 'load' counter: 1
602099520 'bitcast' counter: 1
602099616 'load' counter: 1
602098256 'getelementptr' counter: 1
602099712 'bitcast' counter: 1
602099808 'load' counter: 1
602099904 'bitcast' counter: 1
602100032 'getelementptr' counter: 1
602100144 'bitcast' counter: 1
602101296 'invoke' counter: 1
602101776 'alloca' counter: 1
602101920 'store' counter: 1
602102016 'load' counter: 1
602102112 'bitcast' counter: 1
602101664 'call' counter: 1
602102912 'alloca' counter: 1
602103056 'store' counter: 1
602103152 'load' counter: 1
602103312 'getelementptr' counter: 1
602103424 'load' counter: 1
602102768 'ret' counter: 1
602102576 'bitcast' counter: 1
602102464 'ret' counter: 1
602101440 'store' counter: 1
602101536 'ret' counter: 1
602096496 'ret' counter: 1
601915008 'load' counter: 1
601915296 'load' counter: 1
601915392 'bitcast' counter: 1
601915488 'load' counter: 1
601915760 'getelementptr' counter: 1
601915872 'bitcast' counter: 1
601915984 'load' counter: 1
601916080 'bitcast' counter: 1
601916208 'getelementptr' counter: 1
601916320 'bitcast' counter: 1
601921872 'invoke' counter: 1
602103632 'alloca' counter: 1
602103776 'store' counter: 1
602103872 'load' counter: 1
602104032 'getelementptr' counter: 1
602104144 'load' counter: 1
602104368 'ret' counter: 1
601921616 'and' counter: 1
601922016 'icmp' counter: 1
601922176 'br' counter: 1
601922704 'load' counter: 1
601922800 'br' counter: 1
601923056 'load' counter: 1
601923152 'load' counter: 1
601923280 'getelementptr' counter: 1
601923392 'load' counter: 1
601923488 'bitcast' counter: 1
601923584 'load' counter: 1
601923760 'getelementptr' counter: 1
601923872 'bitcast' counter: 1
601923968 'load' counter: 1
601924064 'bitcast' counter: 1
601924192 'getelementptr' counter: 1
601924304 'bitcast' counter: 1
601924400 'load' counter: 1
601924496 'bitcast' counter: 1
601924592 'load' counter: 1
601924720 'getelementptr' counter: 1
601924832 'bitcast' counter: 1
601924928 'load' counter: 1
601925024 'bitcast' counter: 1
601925152 'getelementptr' counter: 1
601925264 'bitcast' counter: 1
601926480 'invoke' counter: 1
602104608 'alloca' counter: 1
602104752 'store' counter: 1
602104848 'load' counter: 1
602105296 'call' counter: 1
602109168 'ret' counter: 1
602105696 'getelementptr' counter: 1
602105808 'load' counter: 1
602106016 'call' counter: 1
602108336 'alloca' counter: 1
602108576 'alloca' counter: 1
602108480 'store' counter: 1
602108720 'store' counter: 1
602108816 'load' counter: 1
602108912 'load' counter: 1
602109072 'icmp' counter: 1
602109296 'ret' counter: 1
602106192 'br' counter: 1
602106864 'call' counter: 1
602109648 'alloca' counter: 1
602109888 'alloca' counter: 1
602111648 'alloca' counter: 1
602112112 'alloca' counter: 1
602113024 'alloca' counter: 1
602109792 'store' counter: 1
602110032 'store' counter: 1
602110128 'load' counter: 1
602111344 'bitcast' counter: 1
602111504 'call' counter: 1
602111760 'bitcast' counter: 1
602112288 'call' counter: 1
602113584 'invoke' counter: 1
602114576 'alloca' counter: 1
602116848 'store' counter: 1
602116944 'load' counter: 1
601928144 'call' counter: 1
602117728 'bitcast' counter: 1
602118176 'ret' counter: 1
602114176 'load' counter: 1
602114464 'invoke' counter: 1
602118416 'alloca' counter: 1
602118656 'alloca' counter: 1
602118560 'store' counter: 1
602119600 'store' counter: 1
602119696 'load' counter: 1
602119792 'load' counter: 1
602119888 'bitcast' counter: 1
602119984 'load' counter: 1
602118304 'getelementptr' counter: 1
602120304 'load' counter: 1
602120704 'ret' counter: 1
602115152 'call' counter: 1
602113392 'bitcast' counter: 1
602115632 'call' counter: 1
602115472 'ret' counter: 1
602106976 'sext' counter: 1
602107136 'getelementptr' counter: 1
602107280 'store' counter: 1
602107376 'br' counter: 1
602107536 'getelementptr' counter: 1
602107648 'load' counter: 1
602107744 'trunc' counter: 1
602108016 'ret' counter: 1
601926656 'getelementptr' counter: 1
601926768 'load' counter: 1
601926864 'ptrtoint' counter: 1
601927552 'invoke' counter: 1
601940416 'alloca' counter: 1
601941024 'alloca' counter: 1
601941584 'alloca' counter: 1
601941824 'alloca' counter: 1
601942064 'alloca' counter: 1
601942304 'alloca' counter: 1
601942544 'alloca' counter: 1
601944560 'alloca' counter: 1
601945584 'alloca' counter: 1
601947104 'alloca' counter: 1
601952784 'alloca' counter: 1
601957792 'alloca' counter: 1
601960400 'alloca' counter: 1
601961040 'alloca' counter: 1
601941344 'getelementptr' counter: 1
601941136 'inttoptr' counter: 1
601941488 'store' counter: 1
601941728 'store' counter: 1
601941968 'store' counter: 1
601942208 'store' counter: 1
601942448 'store' counter: 1
601942688 'store' counter: 1
601942976 'getelementptr' counter: 1
601943088 'load' counter: 1
601943264 'icmp' counter: 1
601943424 'br' counter: 1
601944672 'bitcast' counter: 1
601944832 'call' counter: 1
601944944 'load' counter: 1
601945040 'load' counter: 1
601945136 'ptrtoint' counter: 1
601945232 'ptrtoint' counter: 1
601945360 'sub' counter: 1
601945488 'store' counter: 1
601945696 'bitcast' counter: 1
601945856 'call' counter: 1
601945968 'load' counter: 1
601916800 'call' counter: 1
601973296 'alloca' counter: 1
601973440 'store' counter: 1
601901664 'load' counter: 1
601973648 'getelementptr' counter: 1
601973760 'load' counter: 1
601974032 'ret' counter: 1
601916944 'store' counter: 1
601947216 'load' counter: 1
601947312 'load' counter: 1
601947440 'icmp' counter: 1
601947600 'br' counter: 1
601948304 'store' counter: 1
601948400 'br' counter: 1
601948496 'bitcast' counter: 1
601948656 'call' counter: 1
601948768 'load' counter: 1
601948864 'load' counter: 1
601948960 'ptrtoint' counter: 1
601949056 'ptrtoint' counter: 1
601949184 'sub' counter: 1
601949312 'store' counter: 1
601949536 'load' counter: 1
601949664 'icmp' counter: 1
601949824 'br' counter: 1
601953744 'load' counter: 1
601953872 'icmp' counter: 1
601954032 'br' counter: 1
601965856 'load' counter: 1
601965952 'load' counter: 1
601966048 'ptrtoint' counter: 1
601966144 'ptrtoint' counter: 1
601966272 'sub' counter: 1
601966400 'store' counter: 1
601966496 'load' counter: 1
601966624 'icmp' counter: 1
601966784 'br' counter: 1
601967072 'getelementptr' counter: 1
601967184 'load' counter: 1
601967280 'load' counter: 1
601967376 'load' counter: 1
601967568 'call' counter: 1
601974400 'alloca' counter: 1
601974640 'alloca' counter: 1
601974880 'alloca' counter: 1
601974544 'store' counter: 1
601974784 'store' counter: 1
601975104 'store' counter: 1
601975200 'load' counter: 1
601975296 'load' counter: 1
601975392 'load' counter: 1
601975488 'bitcast' counter: 1
601975584 'load' counter: 1
601973072 'getelementptr' counter: 1
601975920 'load' counter: 1
601976352 'ret' counter: 1
601967680 'load' counter: 1
601967808 'icmp' counter: 1
601967968 'br' counter: 1
601969024 'br' counter: 1
601969120 'load' counter: 1
601969568 'call' counter: 1
602094672 'alloca' counter: 1
602094912 'alloca' counter: 1
602095152 'alloca' counter: 1
602094816 'store' counter: 1
602095056 'store' counter: 1
602091312 'load' counter: 1
602095264 'bitcast' counter: 1
602095424 'call' counter: 1
602095664 'getelementptr' counter: 1
602095776 'load' counter: 1
602095904 'store' counter: 1
602096000 'load' counter: 1
602096160 'getelementptr' counter: 1
602096304 'store' counter: 1
602096400 'load' counter: 1
602096720 'bitcast' counter: 1
602097168 'call' counter: 1
602096624 'ret' counter: 1
601969680 'bitcast' counter: 1
601969776 'bitcast' counter: 1
601970176 'call' counter: 1
601970320 'store' counter: 1
601969872 'br' counter: 1
601970592 'bitcast' counter: 1
601970768 'call' counter: 1
601953088 'bitcast' counter: 1
601971312 'call' counter: 1
601971520 'bitcast' counter: 1
601971680 'call' counter: 1
601971152 'br' counter: 1
601972640 'getelementptr' counter: 1
601971424 'load' counter: 1
601972752 'ptrtoint' counter: 1
601972848 'ret' counter: 1
601927168 'getelementptr' counter: 1
601927664 'inttoptr' counter: 1
601927792 'store' counter: 1
601928624 'call' counter: 1
602120800 'alloca' counter: 1
602120944 'store' counter: 1
602121040 'load' counter: 1
602121200 'getelementptr' counter: 1
602121312 'load' counter: 1
602121440 'icmp' counter: 1
602121664 'ret' counter: 1
601928736 'bitcast' counter: 1
601929280 'call' counter: 1
601929856 'br' counter: 1
601931680 'br' counter: 1
601932128 'call' counter: 1
601932480 'bitcast' counter: 1
601932640 'call' counter: 1
601933120 'br' counter: 1
601938608 'load' counter: 1
601938832 'ret' counter: 1
601904464 'ret' counter: 1
1157711360 'ret' counter: 1
